<?xml version="1.0" encoding="UTF-8"?>
<!-- Generated by org.testng.reporters.JUnitReportReporter -->
<testsuite skipped="0" hostname="kevser" name="uiAotomation.homePage.TC001_VerifyInvalidLogin" tests="1" failures="0" timestamp="09 Sep 2017 00:51:44 GMT" time="0.873" errors="0">
  <testcase name="VerifyInvalidLogin" time="0.873" classname="uiAotomation.homePage.TC001_VerifyInvalidLogin"/>
</testsuite> <!-- uiAotomation.homePage.TC001_VerifyInvalidLogin -->
