<?xml version="1.0" encoding="UTF-8"?>
<!-- Generated by org.testng.reporters.JUnitReportReporter -->
<testsuite skipped="1" hostname="kevser" name="uiAotomation.homePage.TC002_VerifyInvalidLoginWithDiffData" tests="1" failures="0" timestamp="14 Aug 2017 03:56:07 GMT" time="0.000" errors="0">
  <testcase name="VerifyInvalidLogin" time="0.000" classname="uiAotomation.homePage.TC002_VerifyInvalidLoginWithDiffData">
    <skipped/>
  </testcase> <!-- VerifyInvalidLogin -->
</testsuite> <!-- uiAotomation.homePage.TC002_VerifyInvalidLoginWithDiffData -->
