<?xml version="1.0" encoding="UTF-8"?>
<!-- Generated by org.testng.reporters.JUnitReportReporter -->
<testsuite name="testNG_Class.PrintText" tests="1" time="0.010" ignored="0" failures="0" timestamp="22 Jul 2017 01:09:13 GMT" skipped="0" hostname="kevser" errors="0">
  <testcase name="f" time="0.010" classname="testNG_Class.PrintText"/>
</testsuite> <!-- testNG_Class.PrintText -->
