<?xml version="1.0" encoding="UTF-8"?>
<!-- Generated by org.testng.reporters.JUnitReportReporter -->
<testsuite name="testNG_Class.Test2" tests="1" time="0.004" ignored="0" failures="0" timestamp="18 May 2017 01:47:16 GMT" skipped="0" hostname="kevser" errors="0">
  <testcase name="testCase2" time="0.004" classname="testNG_Class.Test2"/>
</testsuite> <!-- testNG_Class.Test2 -->
