<?xml version="1.0" encoding="UTF-8"?>
<!-- Generated by org.testng.reporters.JUnitReportReporter -->
<testsuite skipped="0" hostname="kevser" name="Jenkins.JenkinsDemo" tests="1" failures="0" timestamp="5 Aug 2017 23:25:56 GMT" time="10.007" errors="0">
  <testcase name="testJenkins" time="10.007" classname="Jenkins.JenkinsDemo"/>
</testsuite> <!-- Jenkins.JenkinsDemo -->
