<?xml version="1.0" encoding="UTF-8"?>
<!-- Generated by org.testng.reporters.JUnitReportReporter -->
<testsuite name="learning_selenium_2017.WindowHandling" tests="1" time="33.241" ignored="0" failures="0" timestamp="18 Feb 2017 00:30:33 GMT" skipped="0" hostname="kevser" errors="0">
  <testcase name="TestPopUp" time="33.241" classname="learning_selenium_2017.WindowHandling"/>
</testsuite> <!-- learning_selenium_2017.WindowHandling -->
