<?xml version="1.0" encoding="UTF-8"?>
<!-- Generated by org.testng.reporters.JUnitReportReporter -->
<testsuite skipped="0" hostname="kevser" name="Jenkins.JenkisDemo2" tests="1" failures="0" timestamp="22 Jul 2017 19:31:59 GMT" time="0.007" errors="0">
  <testcase name="print" time="0.007" classname="Jenkins.JenkisDemo2"/>
</testsuite> <!-- Jenkins.JenkisDemo2 -->
