<?xml version="1.0" encoding="UTF-8"?>
<!-- Generated by org.testng.reporters.JUnitReportReporter -->
<testsuite name="com.selenium.project.testing.DateProvider" tests="2" time="52.272" ignored="0" failures="0" timestamp="28 May 2017 17:07:45 GMT" skipped="0" hostname="kevser" errors="0">
  <testcase name="OrgLogin" time="32.229" classname="com.selenium.project.testing.DateProvider"/>
  <testcase name="OrgLogin" time="20.043" classname="com.selenium.project.testing.DateProvider"/>
</testsuite> <!-- com.selenium.project.testing.DateProvider -->
