<?xml version="1.0" encoding="UTF-8"?>
<!-- Generated by org.testng.reporters.JUnitReportReporter -->
<testsuite name="learning_selenium_2017.TestLogin" tests="1" time="15.144" ignored="0" failures="0" timestamp="22 Feb 2017 03:18:22 GMT" skipped="0" hostname="kevser" errors="0">
  <testcase name="TestRobo" time="15.144" classname="learning_selenium_2017.TestLogin"/>
</testsuite> <!-- learning_selenium_2017.TestLogin -->
