<?xml version="1.0" encoding="UTF-8"?>
<!-- Generated by org.testng.reporters.JUnitReportReporter -->
<testsuite name="com.selenium.project.testing.DateProvider_Excel" tests="3" time="45.541" ignored="0" failures="0" timestamp="03 Jun 2017 22:16:28 GMT" skipped="0" hostname="kevser" errors="0">
  <testcase name="OrgLogin" time="15.913" classname="com.selenium.project.testing.DateProvider_Excel"/>
  <testcase name="OrgLogin" time="14.965" classname="com.selenium.project.testing.DateProvider_Excel"/>
  <testcase name="OrgLogin" time="14.663" classname="com.selenium.project.testing.DateProvider_Excel"/>
</testsuite> <!-- com.selenium.project.testing.DateProvider_Excel -->
