<?xml version="1.0" encoding="UTF-8"?>
<!-- Generated by org.testng.reporters.JUnitReportReporter -->
<testsuite name="learning_selenium_2017.RobotClass" tests="1" time="0.125" ignored="0" failures="0" timestamp="05 Mar 2017 21:50:45 GMT" skipped="0" hostname="kevser" errors="0">
  <testcase name="TestRobo" time="0.125" classname="learning_selenium_2017.RobotClass"/>
</testsuite> <!-- learning_selenium_2017.RobotClass -->
