<?xml version="1.0" encoding="UTF-8"?>
<!-- Generated by org.testng.reporters.JUnitReportReporter -->
<testsuite name="com.selenium.java.SeleniumPractice" tests="1" time="11.820" ignored="0" failures="0" timestamp="11 May 2017 21:14:52 GMT" skipped="0" hostname="kevser" errors="0">
  <testcase name="test5" time="11.820" classname="com.selenium.java.SeleniumPractice"/>
</testsuite> <!-- com.selenium.java.SeleniumPractice -->
