<?xml version="1.0" encoding="UTF-8"?>
<!-- Generated by org.testng.reporters.JUnitReportReporter -->
<testsuite name="com.selenium.project.testing.VerifyOrangeHRM2_PageFatory" tests="1" time="13.925" ignored="0" failures="0" timestamp="24 May 2017 05:20:22 GMT" skipped="0" hostname="kevser" errors="0">
  <testcase name="verifyLogin" time="13.925" classname="com.selenium.project.testing.VerifyOrangeHRM2_PageFatory"/>
</testsuite> <!-- com.selenium.project.testing.VerifyOrangeHRM2_PageFatory -->
