<?xml version="1.0" encoding="UTF-8"?>
<!-- Generated by org.testng.reporters.JUnitReportReporter -->
<testsuite name="com.selenium.java.AumationPractice" tests="1" time="11.295" ignored="0" failures="0" timestamp="02 Aug 2017 05:59:49 GMT" skipped="0" hostname="kevser" errors="0">
  <testcase name="login" time="11.295" classname="com.selenium.java.AumationPractice"/>
</testsuite> <!-- com.selenium.java.AumationPractice -->
